# JRE version: Java(TM) SE Runtime Environment (7.0_51-b13) (build 1.7.0_51-b13)
# Java VM: Java HotSpot(TM) Client VM (24.51-b03 mixed mode, sharing windows-x86 )
Heap
 def new generation   total 8384K, used 4632K [0x27010000, 0x27920000, 0x2c560000)
  eden space 7488K,  61% used [0x27010000, 0x274963e0, 0x27760000)
  from space 896K,   0% used [0x27760000, 0x27760000, 0x27840000)
  to   space 896K,   0% used [0x27840000, 0x27840000, 0x27920000)
 tenured generation   total 18452K, used 9950K [0x2c560000, 0x2d765000, 0x37010000)
   the space 18452K,  53% used [0x2c560000, 0x2cf17968, 0x2cf17a00, 0x2d765000)
 compacting perm gen  total 12288K, used 3360K [0x37010000, 0x37c10000, 0x3b010000)
   the space 12288K,  27% used [0x37010000, 0x37358238, 0x37358400, 0x37c10000)
    ro space 10240K,  41% used [0x3b010000, 0x3b442050, 0x3b442200, 0x3ba10000)
    rw space 12288K,  52% used [0x3ba10000, 0x3c056800, 0x3c056800, 0x3c610000)
GC Heap History (10 events):
Event: 0.459 GC heap before
{Heap before GC invocations=2 (full 0):
 def new generation   total 4928K, used 4928K [0x27010000, 0x27560000, 0x2c560000)
  eden space 4416K, 100% used [0x27010000, 0x27460000, 0x27460000)
  from space 512K, 100% used [0x27460000, 0x274e0000, 0x274e0000)
  to   space 512K,   0% used [0x274e0000, 0x274e0000, 0x27560000)
 tenured generation   total 10944K, used 9624K [0x2c560000, 0x2d010000, 0x37010000)
   the space 10944K,  87% used [0x2c560000, 0x2cec6368, 0x2cec6400, 0x2d010000)
 compacting perm gen  total 12288K, used 2261K [0x37010000, 0x37c10000, 0x3b010000)
   the space 12288K,  18% used [0x37010000, 0x372457d0, 0x37245800, 0x37c10000)
    ro space 10240K,  41% used [0x3b010000, 0x3b442050, 0x3b442200, 0x3ba10000)
    rw space 12288K,  52% used [0x3ba10000, 0x3c056800, 0x3c056800, 0x3c610000)
Event: 0.463 GC heap after
Heap after GC invocations=3 (full 0):
 def new generation   total 4928K, used 511K [0x27010000, 0x27560000, 0x2c560000)
  eden space 4416K,   0% used [0x27010000, 0x27010000, 0x27460000)
  from space 512K,  99% used [0x274e0000, 0x2755fff8, 0x27560000)
  to   space 512K,   0% used [0x27460000, 0x27460000, 0x274e0000)
 tenured generation   total 10944K, used 10428K [0x2c560000, 0x2d010000, 0x37010000)
   the space 10944K,  95% used [0x2c560000, 0x2cf8f098, 0x2cf8f200, 0x2d010000)
 compacting perm gen  total 12288K, used 2261K [0x37010000, 0x37c10000, 0x3b010000)
   the space 12288K,  18% used [0x37010000, 0x372457d0, 0x37245800, 0x37c10000)
    ro space 10240K,  41% used [0x3b010000, 0x3b442050, 0x3b442200, 0x3ba10000)
    rw space 12288K,  52% used [0x3ba10000, 0x3c056800, 0x3c056800, 0x3c610000)
}
Event: 8.558 GC heap before
{Heap before GC invocations=3 (full 0):
 def new generation   total 4928K, used 4899K [0x27010000, 0x27560000, 0x2c560000)
  eden space 4416K,  99% used [0x27010000, 0x27458ce8, 0x27460000)
  from space 512K,  99% used [0x274e0000, 0x2755fff8, 0x27560000)
  to   space 512K,   0% used [0x27460000, 0x27460000, 0x274e0000)
 tenured generation   total 10944K, used 10428K [0x2c560000, 0x2d010000, 0x37010000)
   the space 10944K,  95% used [0x2c560000, 0x2cf8f098, 0x2cf8f200, 0x2d010000)
 compacting perm gen  total 12288K, used 3312K [0x37010000, 0x37c10000, 0x3b010000)
   the space 12288K,  26% used [0x37010000, 0x3734c250, 0x3734c400, 0x37c10000)
    ro space 10240K,  41% used [0x3b010000, 0x3b442050, 0x3b442200, 0x3ba10000)
    rw space 12288K,  52% used [0x3ba10000, 0x3c056800, 0x3c056800, 0x3c610000)
Event: 8.561 GC heap after
Heap after GC invocations=4 (full 0):
 def new generation   total 4928K, used 512K [0x27010000, 0x27560000, 0x2c560000)
  eden space 4416K,   0% used [0x27010000, 0x27010000, 0x27460000)
  from space 512K, 100% used [0x27460000, 0x274e0000, 0x274e0000)
  to   space 512K,   0% used [0x274e0000, 0x274e0000, 0x27560000)
 tenured generation   total 10944K, used 10918K [0x2c560000, 0x2d010000, 0x37010000)
   the space 10944K,  99% used [0x2c560000, 0x2d009b90, 0x2d009c00, 0x2d010000)
 compacting perm gen  total 12288K, used 3312K [0x37010000, 0x37c10000, 0x3b010000)
   the space 12288K,  26% used [0x37010000, 0x3734c250, 0x3734c400, 0x37c10000)
    ro space 10240K,  41% used [0x3b010000, 0x3b442050, 0x3b442200, 0x3ba10000)
    rw space 12288K,  52% used [0x3ba10000, 0x3c056800, 0x3c056800, 0x3c610000)
}
Event: 15.738 GC heap before
{Heap before GC invocations=4 (full 0):
 def new generation   total 4928K, used 4928K [0x27010000, 0x27560000, 0x2c560000)
  eden space 4416K, 100% used [0x27010000, 0x27460000, 0x27460000)
  from space 512K, 100% used [0x27460000, 0x274e0000, 0x274e0000)
  to   space 512K,   0% used [0x274e0000, 0x274e0000, 0x27560000)
 tenured generation   total 10944K, used 10918K [0x2c560000, 0x2d010000, 0x37010000)
   the space 10944K,  99% used [0x2c560000, 0x2d009b90, 0x2d009c00, 0x2d010000)
 compacting perm gen  total 12288K, used 3321K [0x37010000, 0x37c10000, 0x3b010000)
   the space 12288K,  27% used [0x37010000, 0x3734e608, 0x3734e800, 0x37c10000)
    ro space 10240K,  41% used [0x3b010000, 0x3b442050, 0x3b442200, 0x3ba10000)
    rw space 12288K,  52% used [0x3ba10000, 0x3c056800, 0x3c056800, 0x3c610000)
Event: 15.762 GC heap after
Heap after GC invocations=5 (full 1):
 def new generation   total 8384K, used 0K [0x27010000, 0x27920000, 0x2c560000)
  eden space 7488K,   0% used [0x27010000, 0x27010000, 0x27760000)
  from space 896K,   0% used [0x27760000, 0x27760000, 0x27840000)
  to   space 896K,   0% used [0x27840000, 0x27840000, 0x27920000)
 tenured generation   total 18452K, used 11068K [0x2c560000, 0x2d765000, 0x37010000)
   the space 18452K,  59% used [0x2c560000, 0x2d02f338, 0x2d02f400, 0x2d765000)
 compacting perm gen  total 12288K, used 3321K [0x37010000, 0x37c10000, 0x3b010000)
   the space 12288K,  27% used [0x37010000, 0x3734e608, 0x3734e800, 0x37c10000)
    ro space 10240K,  41% used [0x3b010000, 0x3b442050, 0x3b442200, 0x3ba10000)
    rw space 12288K,  52% used [0x3ba10000, 0x3c056800, 0x3c056800, 0x3c610000)
}
Event: 23.297 GC heap before
{Heap before GC invocations=5 (full 1):
 def new generation   total 8384K, used 7488K [0x27010000, 0x27920000, 0x2c560000)
  eden space 7488K, 100% used [0x27010000, 0x27760000, 0x27760000)
  from space 896K,   0% used [0x27760000, 0x27760000, 0x27840000)
  to   space 896K,   0% used [0x27840000, 0x27840000, 0x27920000)
 tenured generation   total 18452K, used 11068K [0x2c560000, 0x2d765000, 0x37010000)
   the space 18452K,  59% used [0x2c560000, 0x2d02f338, 0x2d02f400, 0x2d765000)
 compacting perm gen  total 12288K, used 3323K [0x37010000, 0x37c10000, 0x3b010000)
   the space 12288K,  27% used [0x37010000, 0x3734ef70, 0x3734f000, 0x37c10000)
    ro space 10240K,  41% used [0x3b010000, 0x3b442050, 0x3b442200, 0x3ba10000)
    rw space 12288K,  52% used [0x3ba10000, 0x3c056800, 0x3c056800, 0x3c610000)
Event: 23.300 GC heap after
Heap after GC invocations=6 (full 1):
 def new generation   total 8384K, used 896K [0x27010000, 0x27920000, 0x2c560000)
  eden space 7488K,   0% used [0x27010000, 0x27010000, 0x27760000)
  from space 896K, 100% used [0x27840000, 0x27920000, 0x27920000)
  to   space 896K,   0% used [0x27760000, 0x27760000, 0x27840000)
 tenured generation   total 18452K, used 11198K [0x2c560000, 0x2d765000, 0x37010000)
   the space 18452K,  60% used [0x2c560000, 0x2d04f810, 0x2d04fa00, 0x2d765000)
 compacting perm gen  total 12288K, used 3323K [0x37010000, 0x37c10000, 0x3b010000)
   the space 12288K,  27% used [0x37010000, 0x3734ef70, 0x3734f000, 0x37c10000)
    ro space 10240K,  41% used [0x3b010000, 0x3b442050, 0x3b442200, 0x3ba10000)
    rw space 12288K,  52% used [0x3ba10000, 0x3c056800, 0x3c056800, 0x3c610000)
}
Event: 53.054 GC heap before
{Heap before GC invocations=6 (full 1):
 def new generation   total 8384K, used 5650K [0x27010000, 0x27920000, 0x2c560000)
  eden space 7488K,  63% used [0x27010000, 0x274b4b08, 0x27760000)
  from space 896K, 100% used [0x27840000, 0x27920000, 0x27920000)
  to   space 896K,   0% used [0x27760000, 0x27760000, 0x27840000)
 tenured generation   total 18452K, used 11198K [0x2c560000, 0x2d765000, 0x37010000)
   the space 18452K,  60% used [0x2c560000, 0x2d04f810, 0x2d04fa00, 0x2d765000)
 compacting perm gen  total 12288K, used 3359K [0x37010000, 0x37c10000, 0x3b010000)
   the space 12288K,  27% used [0x37010000, 0x37357e50, 0x37358000, 0x37c10000)
    ro space 10240K,  41% used [0x3b010000, 0x3b442050, 0x3b442200, 0x3ba10000)
    rw space 12288K,  52% used [0x3ba10000, 0x3c056800, 0x3c056800, 0x3c610000)
Event: 53.101 GC heap after
Heap after GC invocations=7 (full 2):
 def new generation   total 8384K, used 0K [0x27010000, 0x27920000, 0x2c560000)
  eden space 7488K,   0% used [0x27010000, 0x27010000, 0x27760000)
  from space 896K,   0% used [0x27760000, 0x27760000, 0x27840000)
  to   space 896K,   0% used [0x27840000, 0x27840000, 0x27920000)
 tenured generation   total 18452K, used 2371K [0x2c560000, 0x2d765000, 0x37010000)
   the space 18452K,  12% used [0x2c560000, 0x2c7b0c90, 0x2c7b0e00, 0x2d765000)
 compacting perm gen  total 12288K, used 3359K [0x37010000, 0x37c10000, 0x3b010000)
   the space 12288K,  27% used [0x37010000, 0x37357e50, 0x37358000, 0x37c10000)
    ro space 10240K,  41% used [0x3b010000, 0x3b442050, 0x3b442200, 0x3ba10000)
    rw space 12288K,  52% used [0x3ba10000, 0x3c056800, 0x3c056800, 0x3c610000)
}

